<?xml version="1.0" encoding="UTF-8"?>
<!-- Generated by org.testng.reporters.JUnitReportReporter -->
<testsuite hostname="DESKTOP-B76UTHP" failures="0" tests="1" name="com.swaglabs.testcases.CheckoutTest" time="6.746" errors="0" timestamp="2024-02-20T18:07:24 IST" skipped="0">
  <testcase classname="com.swaglabs.testcases.CheckoutTest" name="proceedNext" time="6.746"/>
</testsuite> <!-- com.swaglabs.testcases.CheckoutTest -->
