<?xml version="1.0" encoding="UTF-8"?>
<!-- Generated by org.testng.reporters.JUnitReportReporter -->
<testsuite hostname="DESKTOP-B76UTHP" failures="0" tests="2" name="com.swaglabs.testcases.LoginTest" time="1.165" errors="0" timestamp="2024-02-20T18:07:24 IST" skipped="0">
  <testcase classname="com.swaglabs.testcases.LoginTest" name="verifyLogin" time="0.434"/>
  <testcase classname="com.swaglabs.testcases.LoginTest" name="verifyLogin" time="0.731"/>
</testsuite> <!-- com.swaglabs.testcases.LoginTest -->
