<?xml version="1.0" encoding="UTF-8"?>
<!-- Generated by org.testng.reporters.JUnitReportReporter -->
<testsuite hostname="DESKTOP-B76UTHP" failures="0" tests="1" name="com.swaglabs.testcases.TestingSite" time="0.041" errors="0" timestamp="2024-02-18T10:03:51 IST" skipped="0">
  <testcase classname="com.swaglabs.testcases.TestingSite" name="justChecking" time="0.041"/>
</testsuite> <!-- com.swaglabs.testcases.TestingSite -->
