<?xml version="1.0" encoding="UTF-8"?>
<!-- Generated by org.testng.reporters.JUnitReportReporter -->
<testsuite hostname="DESKTOP-B76UTHP" failures="0" tests="1" name="com.swaglabs.testcases.ProductPageTest" time="0.911" errors="0" timestamp="2024-02-20T18:07:24 IST" skipped="0">
  <testcase classname="com.swaglabs.testcases.ProductPageTest" name="clickAddToCart" time="0.911"/>
</testsuite> <!-- com.swaglabs.testcases.ProductPageTest -->
